# JRE version: Java(TM) SE Runtime Environment (8.0_51-b16) (build 1.8.0_51-b16)
# Java VM: Java HotSpot(TM) 64-Bit Server VM (25.51-b03 mixed mode linux-amd64 compressed oops)
Heap:
 PSYoungGen      total 2870784K, used 0K [0x00000006eab00000, 0x00000007c0000000, 0x00000007c0000000)
  eden space 2771968K, 0% used [0x00000006eab00000,0x00000006eab00000,0x0000000793e00000)
  from space 98816K, 0% used [0x00000007b9f80000,0x00000007b9f80000,0x00000007c0000000)
  to   space 361472K, 0% used [0x0000000793e00000,0x0000000793e00000,0x00000007a9f00000)
 ParOldGen       total 1920000K, used 1755348K [0x0000000540000000, 0x00000005b5300000, 0x00000006eab00000)
  object space 1920000K, 91% used [0x0000000540000000,0x00000005ab235068,0x00000005b5300000)
 Metaspace       used 23826K, capacity 24077K, committed 24320K, reserved 1071104K
  class space    used 2700K, capacity 2790K, committed 2816K, reserved 1048576K
GC Heap History (10 events):
Event: 337.070 GC heap after
Heap after GC invocations=75 (full 1):
 PSYoungGen      total 3396608K, used 44128K [0x00000006eab00000, 0x00000007bfe80000, 0x00000007c0000000)
  eden space 3300352K, 0% used [0x00000006eab00000,0x00000006eab00000,0x00000007b4200000)
  from space 96256K, 45% used [0x00000007ba000000,0x00000007bcb18000,0x00000007bfe00000)
  to   space 96256K, 0% used [0x00000007b4200000,0x00000007b4200000,0x00000007ba000000)
 ParOldGen       total 1695744K, used 1181001K [0x0000000540000000, 0x00000005a7800000, 0x00000006eab00000)
  object space 1695744K, 69% used [0x0000000540000000,0x0000000588152780,0x00000005a7800000)
 Metaspace       used 22607K, capacity 22919K, committed 23168K, reserved 1069056K
  class space    used 2564K, capacity 2661K, committed 2688K, reserved 1048576K
}
Event: 341.556 GC heap before
{Heap before GC invocations=76 (full 1):
 PSYoungGen      total 3396608K, used 3344480K [0x00000006eab00000, 0x00000007bfe80000, 0x00000007c0000000)
  eden space 3300352K, 100% used [0x00000006eab00000,0x00000007b4200000,0x00000007b4200000)
  from space 96256K, 45% used [0x00000007ba000000,0x00000007bcb18000,0x00000007bfe00000)
  to   space 96256K, 0% used [0x00000007b4200000,0x00000007b4200000,0x00000007ba000000)
 ParOldGen       total 1695744K, used 1181001K [0x0000000540000000, 0x00000005a7800000, 0x00000006eab00000)
  object space 1695744K, 69% used [0x0000000540000000,0x0000000588152780,0x00000005a7800000)
 Metaspace       used 22607K, capacity 22919K, committed 23168K, reserved 1069056K
  class space    used 2564K, capacity 2661K, committed 2688K, reserved 1048576K
Event: 341.685 GC heap after
Heap after GC invocations=76 (full 1):
 PSYoungGen      total 3396608K, used 32864K [0x00000006eab00000, 0x00000007c0000000, 0x00000007c0000000)
  eden space 3300352K, 0% used [0x00000006eab00000,0x00000006eab00000,0x00000007b4200000)
  from space 96256K, 34% used [0x00000007b4200000,0x00000007b6218000,0x00000007ba000000)
  to   space 98304K, 0% used [0x00000007ba000000,0x00000007ba000000,0x00000007c0000000)
 ParOldGen       total 1695744K, used 1203809K [0x0000000540000000, 0x00000005a7800000, 0x00000006eab00000)
  object space 1695744K, 70% used [0x0000000540000000,0x0000000589798780,0x00000005a7800000)
 Metaspace       used 22607K, capacity 22919K, committed 23168K, reserved 1069056K
  class space    used 2564K, capacity 2661K, committed 2688K, reserved 1048576K
}
Event: 346.174 GC heap before
{Heap before GC invocations=77 (full 1):
 PSYoungGen      total 3396608K, used 3333216K [0x00000006eab00000, 0x00000007c0000000, 0x00000007c0000000)
  eden space 3300352K, 100% used [0x00000006eab00000,0x00000007b4200000,0x00000007b4200000)
  from space 96256K, 34% used [0x00000007b4200000,0x00000007b6218000,0x00000007ba000000)
  to   space 98304K, 0% used [0x00000007ba000000,0x00000007ba000000,0x00000007c0000000)
 ParOldGen       total 1695744K, used 1203809K [0x0000000540000000, 0x00000005a7800000, 0x00000006eab00000)
  object space 1695744K, 70% used [0x0000000540000000,0x0000000589798780,0x00000005a7800000)
 Metaspace       used 22607K, capacity 22919K, committed 23168K, reserved 1069056K
  class space    used 2564K, capacity 2661K, committed 2688K, reserved 1048576K
Event: 346.283 GC heap after
Heap after GC invocations=77 (full 1):
 PSYoungGen      total 3395584K, used 32832K [0x00000006eab00000, 0x00000007c0000000, 0x00000007c0000000)
  eden space 3297280K, 0% used [0x00000006eab00000,0x00000006eab00000,0x00000007b3f00000)
  from space 98304K, 33% used [0x00000007ba000000,0x00000007bc010000,0x00000007c0000000)
  to   space 98816K, 0% used [0x00000007b3f00000,0x00000007b3f00000,0x00000007b9f80000)
 ParOldGen       total 1695744K, used 1215209K [0x0000000540000000, 0x00000005a7800000, 0x00000006eab00000)
  object space 1695744K, 71% used [0x0000000540000000,0x000000058a2ba780,0x00000005a7800000)
 Metaspace       used 22607K, capacity 22919K, committed 23168K, reserved 1069056K
  class space    used 2564K, capacity 2661K, committed 2688K, reserved 1048576K
}
Event: 354.537 GC heap before
{Heap before GC invocations=78 (full 1):
 PSYoungGen      total 3395584K, used 3330112K [0x00000006eab00000, 0x00000007c0000000, 0x00000007c0000000)
  eden space 3297280K, 100% used [0x00000006eab00000,0x00000007b3f00000,0x00000007b3f00000)
  from space 98304K, 33% used [0x00000007ba000000,0x00000007bc010000,0x00000007c0000000)
  to   space 98816K, 0% used [0x00000007b3f00000,0x00000007b3f00000,0x00000007b9f80000)
 ParOldGen       total 1695744K, used 1215209K [0x0000000540000000, 0x00000005a7800000, 0x00000006eab00000)
  object space 1695744K, 71% used [0x0000000540000000,0x000000058a2ba780,0x00000005a7800000)
 Metaspace       used 23826K, capacity 24077K, committed 24320K, reserved 1071104K
  class space    used 2700K, capacity 2790K, committed 2816K, reserved 1048576K
Event: 355.878 GC heap after
Heap after GC invocations=78 (full 1):
 PSYoungGen      total 3396096K, used 98813K [0x00000006eab00000, 0x00000007c0000000, 0x00000007c0000000)
  eden space 3297280K, 0% used [0x00000006eab00000,0x00000006eab00000,0x00000007b3f00000)
  from space 98816K, 99% used [0x00000007b3f00000,0x00000007b9f7f578,0x00000007b9f80000)
  to   space 98816K, 0% used [0x00000007b9f80000,0x00000007b9f80000,0x00000007c0000000)
 ParOldGen       total 1695744K, used 1506149K [0x0000000540000000, 0x00000005a7800000, 0x00000006eab00000)
  object space 1695744K, 88% used [0x0000000540000000,0x000000059bed9430,0x00000005a7800000)
 Metaspace       used 23826K, capacity 24077K, committed 24320K, reserved 1071104K
  class space    used 2700K, capacity 2790K, committed 2816K, reserved 1048576K
}
Event: 361.384 GC heap before
{Heap before GC invocations=79 (full 1):
 PSYoungGen      total 3396096K, used 3396093K [0x00000006eab00000, 0x00000007c0000000, 0x00000007c0000000)
  eden space 3297280K, 100% used [0x00000006eab00000,0x00000007b3f00000,0x00000007b3f00000)
  from space 98816K, 99% used [0x00000007b3f00000,0x00000007b9f7f578,0x00000007b9f80000)
  to   space 98816K, 0% used [0x00000007b9f80000,0x00000007b9f80000,0x00000007c0000000)
 ParOldGen       total 1695744K, used 1506149K [0x0000000540000000, 0x00000005a7800000, 0x00000006eab00000)
  object space 1695744K, 88% used [0x0000000540000000,0x000000059bed9430,0x00000005a7800000)
 Metaspace       used 23826K, capacity 24077K, committed 24320K, reserved 1071104K
  class space    used 2700K, capacity 2790K, committed 2816K, reserved 1048576K
Event: 363.182 GC heap after
Heap after GC invocations=79 (full 1):
 PSYoungGen      total 2870784K, used 98816K [0x00000006eab00000, 0x00000007c0000000, 0x00000007c0000000)
  eden space 2771968K, 0% used [0x00000006eab00000,0x00000006eab00000,0x0000000793e00000)
  from space 98816K, 100% used [0x00000007b9f80000,0x00000007c0000000,0x00000007c0000000)
  to   space 361472K, 0% used [0x0000000793e00000,0x0000000793e00000,0x00000007a9f00000)
 ParOldGen       total 1920000K, used 1919570K [0x0000000540000000, 0x00000005b5300000, 0x00000006eab00000)
  object space 1920000K, 99% used [0x0000000540000000,0x00000005b52949f8,0x00000005b5300000)
 Metaspace       used 23826K, capacity 24077K, committed 24320K, reserved 1071104K
  class space    used 2700K, capacity 2790K, committed 2816K, reserved 1048576K
}
Event: 363.182 GC heap before
{Heap before GC invocations=80 (full 2):
 PSYoungGen      total 2870784K, used 98816K [0x00000006eab00000, 0x00000007c0000000, 0x00000007c0000000)
  eden space 2771968K, 0% used [0x00000006eab00000,0x00000006eab00000,0x0000000793e00000)
  from space 98816K, 100% used [0x00000007b9f80000,0x00000007c0000000,0x00000007c0000000)
  to   space 361472K, 0% used [0x0000000793e00000,0x0000000793e00000,0x00000007a9f00000)
 ParOldGen       total 1920000K, used 1919570K [0x0000000540000000, 0x00000005b5300000, 0x00000006eab00000)
  object space 1920000K, 99% used [0x0000000540000000,0x00000005b52949f8,0x00000005b5300000)
 Metaspace       used 23826K, capacity 24077K, committed 24320K, reserved 1071104K
  class space    used 2700K, capacity 2790K, committed 2816K, reserved 1048576K

